# JRE version: Java(TM) SE Runtime Environment (8.0_101-b13) (build 1.8.0_101-b13)
# Java VM: Java HotSpot(TM) 64-Bit Server VM (25.101-b13 mixed mode linux-amd64 compressed oops)
Heap:
 PSYoungGen      total 245760K, used 245732K [0x0000000782b80000, 0x0000000793400000, 0x00000007c0000000)
  eden space 228352K, 100% used [0x0000000782b80000,0x0000000790a80000,0x0000000790a80000)
  from space 17408K, 99% used [0x0000000791e00000,0x0000000792ef93f0,0x0000000792f00000)
  to   space 19968K, 23% used [0x0000000790a80000,0x0000000790f04020,0x0000000791e00000)
 ParOldGen       total 131584K, used 29412K [0x0000000708200000, 0x0000000710280000, 0x0000000782b80000)
  object space 131584K, 22% used [0x0000000708200000,0x0000000709ebb0d0,0x0000000710280000)
 Metaspace       used 58288K, capacity 58936K, committed 59136K, reserved 1101824K
  class space    used 7419K, capacity 7585K, committed 7680K, reserved 1048576K
GC Heap History (10 events):
Event: 8.522 GC heap after
Heap after GC invocations=10 (full 1):
 PSYoungGen      total 141312K, used 9621K [0x0000000782b80000, 0x000000078ff00000, 0x00000007c0000000)
  eden space 126976K, 0% used [0x0000000782b80000,0x0000000782b80000,0x000000078a780000)
  from space 14336K, 67% used [0x000000078a780000,0x000000078b0e5790,0x000000078b580000)
  to   space 14848K, 0% used [0x000000078f080000,0x000000078f080000,0x000000078ff00000)
 ParOldGen       total 82432K, used 12059K [0x0000000708200000, 0x000000070d280000, 0x0000000782b80000)
  object space 82432K, 14% used [0x0000000708200000,0x0000000708dc6e38,0x000000070d280000)
 Metaspace       used 27012K, capacity 27372K, committed 27648K, reserved 1073152K
  class space    used 3374K, capacity 3487K, committed 3584K, reserved 1048576K
}
Event: 10.705 GC heap before
{Heap before GC invocations=11 (full 1):
 PSYoungGen      total 141312K, used 128471K [0x0000000782b80000, 0x000000078ff00000, 0x00000007c0000000)
  eden space 126976K, 93% used [0x0000000782b80000,0x0000000789f904f0,0x000000078a780000)
  from space 14336K, 67% used [0x000000078a780000,0x000000078b0e5790,0x000000078b580000)
  to   space 14848K, 0% used [0x000000078f080000,0x000000078f080000,0x000000078ff00000)
 ParOldGen       total 82432K, used 12059K [0x0000000708200000, 0x000000070d280000, 0x0000000782b80000)
  object space 82432K, 14% used [0x0000000708200000,0x0000000708dc6e38,0x000000070d280000)
 Metaspace       used 34884K, capacity 35244K, committed 35496K, reserved 1081344K
  class space    used 4426K, capacity 4567K, committed 4608K, reserved 1048576K
Event: 10.723 GC heap after
Heap after GC invocations=11 (full 1):
 PSYoungGen      total 199680K, used 11452K [0x0000000782b80000, 0x000000078ff00000, 0x00000007c0000000)
  eden space 184832K, 0% used [0x0000000782b80000,0x0000000782b80000,0x000000078e000000)
  from space 14848K, 77% used [0x000000078f080000,0x000000078fbaf208,0x000000078ff00000)
  to   space 15872K, 0% used [0x000000078e000000,0x000000078e000000,0x000000078ef80000)
 ParOldGen       total 82432K, used 13277K [0x0000000708200000, 0x000000070d280000, 0x0000000782b80000)
  object space 82432K, 16% used [0x0000000708200000,0x0000000708ef76d8,0x000000070d280000)
 Metaspace       used 34884K, capacity 35244K, committed 35496K, reserved 1081344K
  class space    used 4426K, capacity 4567K, committed 4608K, reserved 1048576K
}
Event: 10.723 GC heap before
{Heap before GC invocations=12 (full 2):
 PSYoungGen      total 199680K, used 11452K [0x0000000782b80000, 0x000000078ff00000, 0x00000007c0000000)
  eden space 184832K, 0% used [0x0000000782b80000,0x0000000782b80000,0x000000078e000000)
  from space 14848K, 77% used [0x000000078f080000,0x000000078fbaf208,0x000000078ff00000)
  to   space 15872K, 0% used [0x000000078e000000,0x000000078e000000,0x000000078ef80000)
 ParOldGen       total 82432K, used 13277K [0x0000000708200000, 0x000000070d280000, 0x0000000782b80000)
  object space 82432K, 16% used [0x0000000708200000,0x0000000708ef76d8,0x000000070d280000)
 Metaspace       used 34884K, capacity 35244K, committed 35496K, reserved 1081344K
  class space    used 4426K, capacity 4567K, committed 4608K, reserved 1048576K
Event: 10.919 GC heap after
Heap after GC invocations=12 (full 2):
 PSYoungGen      total 199680K, used 0K [0x0000000782b80000, 0x000000078ff00000, 0x00000007c0000000)
  eden space 184832K, 0% used [0x0000000782b80000,0x0000000782b80000,0x000000078e000000)
  from space 14848K, 0% used [0x000000078f080000,0x000000078f080000,0x000000078ff00000)
  to   space 15872K, 0% used [0x000000078e000000,0x000000078e000000,0x000000078ef80000)
 ParOldGen       total 131584K, used 22732K [0x0000000708200000, 0x0000000710280000, 0x0000000782b80000)
  object space 131584K, 17% used [0x0000000708200000,0x0000000709833248,0x0000000710280000)
 Metaspace       used 34884K, capacity 35244K, committed 35496K, reserved 1081344K
  class space    used 4426K, capacity 4567K, committed 4608K, reserved 1048576K
}
Event: 13.954 GC heap before
{Heap before GC invocations=13 (full 2):
 PSYoungGen      total 199680K, used 184832K [0x0000000782b80000, 0x000000078ff00000, 0x00000007c0000000)
  eden space 184832K, 100% used [0x0000000782b80000,0x000000078e000000,0x000000078e000000)
  from space 14848K, 0% used [0x000000078f080000,0x000000078f080000,0x000000078ff00000)
  to   space 15872K, 0% used [0x000000078e000000,0x000000078e000000,0x000000078ef80000)
 ParOldGen       total 131584K, used 22732K [0x0000000708200000, 0x0000000710280000, 0x0000000782b80000)
  object space 131584K, 17% used [0x0000000708200000,0x0000000709833248,0x0000000710280000)
 Metaspace       used 45514K, capacity 46006K, committed 46208K, reserved 1089536K
  class space    used 5860K, capacity 6014K, committed 6016K, reserved 1048576K
Event: 13.972 GC heap after
Heap after GC invocations=13 (full 2):
 PSYoungGen      total 200704K, used 13842K [0x0000000782b80000, 0x0000000792f00000, 0x00000007c0000000)
  eden space 184832K, 0% used [0x0000000782b80000,0x0000000782b80000,0x000000078e000000)
  from space 15872K, 87% used [0x000000078e000000,0x000000078ed84b48,0x000000078ef80000)
  to   space 17408K, 0% used [0x0000000791e00000,0x0000000791e00000,0x0000000792f00000)
 ParOldGen       total 131584K, used 22740K [0x0000000708200000, 0x0000000710280000, 0x0000000782b80000)
  object space 131584K, 17% used [0x0000000708200000,0x0000000709835248,0x0000000710280000)
 Metaspace       used 45514K, capacity 46006K, committed 46208K, reserved 1089536K
  class space    used 5860K, capacity 6014K, committed 6016K, reserved 1048576K
}
Event: 16.413 GC heap before
{Heap before GC invocations=14 (full 2):
 PSYoungGen      total 200704K, used 198674K [0x0000000782b80000, 0x0000000792f00000, 0x00000007c0000000)
  eden space 184832K, 100% used [0x0000000782b80000,0x000000078e000000,0x000000078e000000)
  from space 15872K, 87% used [0x000000078e000000,0x000000078ed84b48,0x000000078ef80000)
  to   space 17408K, 0% used [0x0000000791e00000,0x0000000791e00000,0x0000000792f00000)
 ParOldGen       total 131584K, used 22740K [0x0000000708200000, 0x0000000710280000, 0x0000000782b80000)
  object space 131584K, 17% used [0x0000000708200000,0x0000000709835248,0x0000000710280000)
 Metaspace       used 51596K, capacity 52032K, committed 52352K, reserved 1095680K
  class space    used 6646K, capacity 6769K, committed 6784K, reserved 1048576K
Event: 16.450 GC heap after
Heap after GC invocations=14 (full 2):
 PSYoungGen      total 245760K, used 17380K [0x0000000782b80000, 0x0000000793400000, 0x00000007c0000000)
  eden space 228352K, 0% used [0x0000000782b80000,0x0000000782b80000,0x0000000790a80000)
  from space 17408K, 99% used [0x0000000791e00000,0x0000000792ef93f0,0x0000000792f00000)
  to   space 19968K, 0% used [0x0000000790a80000,0x0000000790a80000,0x0000000791e00000)
 ParOldGen       total 131584K, used 22981K [0x0000000708200000, 0x0000000710280000, 0x0000000782b80000)
  object space 131584K, 17% used [0x0000000708200000,0x0000000709871788,0x0000000710280000)
 Metaspace       used 51596K, capacity 52032K, committed 52352K, reserved 1095680K
  class space    used 6646K, capacity 6769K, committed 6784K, reserved 1048576K
}
Event: 414.544 GC heap before
{Heap before GC invocations=15 (full 2):
 PSYoungGen      total 245760K, used 245732K [0x0000000782b80000, 0x0000000793400000, 0x00000007c0000000)
  eden space 228352K, 100% used [0x0000000782b80000,0x0000000790a80000,0x0000000790a80000)
  from space 17408K, 99% used [0x0000000791e00000,0x0000000792ef93f0,0x0000000792f00000)
  to   space 19968K, 0% used [0x0000000790a80000,0x0000000790a80000,0x0000000791e00000)
 ParOldGen       total 131584K, used 22981K [0x0000000708200000, 0x0000000710280000, 0x0000000782b80000)
  object space 131584K, 17% used [0x0000000708200000,0x0000000709871788,0x0000000710280000)
 Metaspace       used 58288K, capacity 58936K, committed 59136K, reserved 1101824K
  class space    used 7419K, capacity 7585K, committed 7680K, reserved 1048576K

